\BOOKMARK [0][-]{chapter.1}{\376\377\0001\000\040\000Q\000u\000e\000l\000l\000e\000n\000c\000o\000d\000e}{}% 1
\BOOKMARK [1][-]{section.1.1}{\376\377\0001\000.\0001\000\040\000D\000a\000t\000e\000i\000\040\000'\000m\000a\000i\000n\000.\000c\000c\000'}{chapter.1}% 2
\BOOKMARK [1][-]{section.1.2}{\376\377\0001\000.\0002\000\040\000D\000a\000t\000e\000i\000\040\000'\000L\000a\000g\000e\000r\000.\000h\000h\000'}{chapter.1}% 3
\BOOKMARK [1][-]{section.1.3}{\376\377\0001\000.\0003\000\040\000D\000a\000t\000e\000i\000\040\000'\000L\000a\000g\000e\000r\000.\000c\000c\000'}{chapter.1}% 4
\BOOKMARK [1][-]{section.1.4}{\376\377\0001\000.\0004\000\040\000D\000a\000t\000e\000i\000\040\000'\000L\000a\000d\000e\000n\000.\000h\000h\000'}{chapter.1}% 5
\BOOKMARK [1][-]{section.1.5}{\376\377\0001\000.\0005\000\040\000D\000a\000t\000e\000i\000\040\000'\000L\000a\000d\000e\000n\000.\000c\000c\000'}{chapter.1}% 6
\BOOKMARK [1][-]{section.1.6}{\376\377\0001\000.\0006\000\040\000D\000a\000t\000e\000i\000\040\000'\000K\000a\000s\000s\000e\000.\000h\000h\000'}{chapter.1}% 7
\BOOKMARK [1][-]{section.1.7}{\376\377\0001\000.\0007\000\040\000D\000a\000t\000e\000i\000\040\000'\000K\000a\000s\000s\000e\000.\000c\000c\000'}{chapter.1}% 8
\BOOKMARK [1][-]{section.1.8}{\376\377\0001\000.\0008\000\040\000D\000a\000t\000e\000i\000\040\000'\000M\000a\000k\000e\000f\000i\000l\000e\000'}{chapter.1}% 9
\BOOKMARK [0][-]{chapter.2}{\376\377\0002\000\040\000H\000i\000e\000r\000a\000r\000c\000h\000i\000e\000-\000V\000e\000r\000z\000e\000i\000c\000h\000n\000i\000s}{}% 10
\BOOKMARK [1][-]{section.2.1}{\376\377\0002\000.\0001\000\040\000K\000l\000a\000s\000s\000e\000n\000h\000i\000e\000r\000a\000r\000c\000h\000i\000e}{chapter.2}% 11
\BOOKMARK [0][-]{chapter.3}{\376\377\0003\000\040\000K\000l\000a\000s\000s\000e\000n\000-\000V\000e\000r\000z\000e\000i\000c\000h\000n\000i\000s}{}% 12
\BOOKMARK [1][-]{section.3.1}{\376\377\0003\000.\0001\000\040\000A\000u\000f\000l\000i\000s\000t\000u\000n\000g\000\040\000d\000e\000r\000\040\000K\000l\000a\000s\000s\000e\000n}{chapter.3}% 13
\BOOKMARK [0][-]{chapter.4}{\376\377\0004\000\040\000D\000a\000t\000e\000i\000-\000V\000e\000r\000z\000e\000i\000c\000h\000n\000i\000s}{}% 14
\BOOKMARK [1][-]{section.4.1}{\376\377\0004\000.\0001\000\040\000A\000u\000f\000l\000i\000s\000t\000u\000n\000g\000\040\000d\000e\000r\000\040\000D\000a\000t\000e\000i\000e\000n}{chapter.4}% 15
\BOOKMARK [0][-]{chapter.5}{\376\377\0005\000\040\000K\000l\000a\000s\000s\000e\000n\000-\000D\000o\000k\000u\000m\000e\000n\000t\000a\000t\000i\000o\000n}{}% 16
\BOOKMARK [1][-]{section.5.1}{\376\377\0005\000.\0001\000\040\000A\000r\000t\000i\000k\000e\000l\000\040\000K\000l\000a\000s\000s\000e\000n\000r\000e\000f\000e\000r\000e\000n\000z}{chapter.5}% 17
\BOOKMARK [2][-]{subsection.5.1.1}{\376\377\0005\000.\0001\000.\0001\000\040\000A\000u\000s\000f\000\374\000h\000r\000l\000i\000c\000h\000e\000\040\000B\000e\000s\000c\000h\000r\000e\000i\000b\000u\000n\000g}{section.5.1}% 18
\BOOKMARK [2][-]{subsection.5.1.2}{\376\377\0005\000.\0001\000.\0002\000\040\000B\000e\000s\000c\000h\000r\000e\000i\000b\000u\000n\000g\000\040\000d\000e\000r\000\040\000K\000o\000n\000s\000t\000r\000u\000k\000t\000o\000r\000e\000n\000\040\000u\000n\000d\000\040\000D\000e\000s\000t\000r\000u\000k\000t\000o\000r\000e\000n}{section.5.1}% 19
\BOOKMARK [3][-]{subsubsection.5.1.2.1}{\376\377\0005\000.\0001\000.\0002\000.\0001\000\040\000A\000r\000t\000i\000k\000e\000l\000\050\000\051}{subsection.5.1.2}% 20
\BOOKMARK [2][-]{subsection.5.1.3}{\376\377\0005\000.\0001\000.\0003\000\040\000D\000o\000k\000u\000m\000e\000n\000t\000a\000t\000i\000o\000n\000\040\000d\000e\000r\000\040\000E\000l\000e\000m\000e\000n\000t\000f\000u\000n\000k\000t\000i\000o\000n\000e\000n}{section.5.1}% 21
\BOOKMARK [3][-]{subsubsection.5.1.3.1}{\376\377\0005\000.\0001\000.\0003\000.\0001\000\040\000g\000e\000t\000A\000r\000t\000i\000k\000e\000l\000n\000u\000m\000m\000e\000r\000\050\000\051}{subsection.5.1.3}% 22
\BOOKMARK [3][-]{subsubsection.5.1.3.2}{\376\377\0005\000.\0001\000.\0003\000.\0002\000\040\000g\000e\000t\000G\000r\000u\000p\000p\000e\000\050\000\051}{subsection.5.1.3}% 23
\BOOKMARK [3][-]{subsubsection.5.1.3.3}{\376\377\0005\000.\0001\000.\0003\000.\0003\000\040\000g\000e\000t\000L\000a\000g\000e\000r\000b\000e\000s\000t\000a\000n\000d\000\050\000\051}{subsection.5.1.3}% 24
\BOOKMARK [3][-]{subsubsection.5.1.3.4}{\376\377\0005\000.\0001\000.\0003\000.\0004\000\040\000g\000e\000t\000M\000a\000s\000s\000e\000i\000n\000h\000e\000i\000t\000\050\000\051}{subsection.5.1.3}% 25
\BOOKMARK [3][-]{subsubsection.5.1.3.5}{\376\377\0005\000.\0001\000.\0003\000.\0005\000\040\000g\000e\000t\000N\000a\000m\000e\000\050\000\051}{subsection.5.1.3}% 26
\BOOKMARK [3][-]{subsubsection.5.1.3.6}{\376\377\0005\000.\0001\000.\0003\000.\0006\000\040\000g\000e\000t\000N\000o\000r\000m\000p\000r\000e\000i\000s\000\050\000\051}{subsection.5.1.3}% 27
\BOOKMARK [3][-]{subsubsection.5.1.3.7}{\376\377\0005\000.\0001\000.\0003\000.\0007\000\040\000g\000e\000t\000S\000t\000r\000M\000a\000s\000s\000e\000i\000n\000h\000e\000i\000t\000\050\000\051}{subsection.5.1.3}% 28
\BOOKMARK [3][-]{subsubsection.5.1.3.8}{\376\377\0005\000.\0001\000.\0003\000.\0008\000\040\000g\000e\000t\000V\000e\000r\000k\000a\000u\000f\000p\000r\000e\000i\000s\000\050\000\051}{subsection.5.1.3}% 29
\BOOKMARK [3][-]{subsubsection.5.1.3.9}{\376\377\0005\000.\0001\000.\0003\000.\0009\000\040\000p\000r\000i\000n\000t\000\050\000\051}{subsection.5.1.3}% 30
\BOOKMARK [3][-]{subsubsection.5.1.3.10}{\376\377\0005\000.\0001\000.\0003\000.\0001\0000\000\040\000s\000e\000t\000A\000r\000t\000i\000k\000e\000l\000n\000u\000m\000m\000e\000r\000\050\000\051}{subsection.5.1.3}% 31
\BOOKMARK [3][-]{subsubsection.5.1.3.11}{\376\377\0005\000.\0001\000.\0003\000.\0001\0001\000\040\000s\000e\000t\000L\000a\000g\000e\000r\000b\000e\000s\000t\000a\000n\000d\000\050\000\051}{subsection.5.1.3}% 32
\BOOKMARK [3][-]{subsubsection.5.1.3.12}{\376\377\0005\000.\0001\000.\0003\000.\0001\0002\000\040\000s\000e\000t\000M\000a\000s\000s\000e\000i\000n\000h\000e\000i\000t\000\050\000\051}{subsection.5.1.3}% 33
\BOOKMARK [3][-]{subsubsection.5.1.3.13}{\376\377\0005\000.\0001\000.\0003\000.\0001\0003\000\040\000s\000e\000t\000N\000a\000m\000e\000\050\000\051}{subsection.5.1.3}% 34
\BOOKMARK [3][-]{subsubsection.5.1.3.14}{\376\377\0005\000.\0001\000.\0003\000.\0001\0004\000\040\000s\000e\000t\000N\000o\000r\000m\000p\000r\000e\000i\000s\000\050\000\051}{subsection.5.1.3}% 35
\BOOKMARK [3][-]{subsubsection.5.1.3.15}{\376\377\0005\000.\0001\000.\0003\000.\0001\0005\000\040\000s\000e\000t\000V\000e\000r\000k\000a\000u\000f\000p\000r\000e\000i\000s\000\050\000\051}{subsection.5.1.3}% 36
\BOOKMARK [1][-]{section.5.2}{\376\377\0005\000.\0002\000\040\000F\000l\000u\000e\000s\000s\000i\000g\000k\000e\000i\000t\000\040\000K\000l\000a\000s\000s\000e\000n\000r\000e\000f\000e\000r\000e\000n\000z}{chapter.5}% 37
\BOOKMARK [2][-]{subsection.5.2.1}{\376\377\0005\000.\0002\000.\0001\000\040\000A\000u\000s\000f\000\374\000h\000r\000l\000i\000c\000h\000e\000\040\000B\000e\000s\000c\000h\000r\000e\000i\000b\000u\000n\000g}{section.5.2}% 38
\BOOKMARK [2][-]{subsection.5.2.2}{\376\377\0005\000.\0002\000.\0002\000\040\000B\000e\000s\000c\000h\000r\000e\000i\000b\000u\000n\000g\000\040\000d\000e\000r\000\040\000K\000o\000n\000s\000t\000r\000u\000k\000t\000o\000r\000e\000n\000\040\000u\000n\000d\000\040\000D\000e\000s\000t\000r\000u\000k\000t\000o\000r\000e\000n}{section.5.2}% 39
\BOOKMARK [3][-]{subsubsection.5.2.2.1}{\376\377\0005\000.\0002\000.\0002\000.\0001\000\040\000F\000l\000u\000e\000s\000s\000i\000g\000k\000e\000i\000t\000\050\000\051\000\040\000[\0001\000/\0002\000]}{subsection.5.2.2}% 40
\BOOKMARK [3][-]{subsubsection.5.2.2.2}{\376\377\0005\000.\0002\000.\0002\000.\0002\000\040\000F\000l\000u\000e\000s\000s\000i\000g\000k\000e\000i\000t\000\050\000\051\000\040\000[\0002\000/\0002\000]}{subsection.5.2.2}% 41
\BOOKMARK [2][-]{subsection.5.2.3}{\376\377\0005\000.\0002\000.\0003\000\040\000D\000o\000k\000u\000m\000e\000n\000t\000a\000t\000i\000o\000n\000\040\000d\000e\000r\000\040\000E\000l\000e\000m\000e\000n\000t\000f\000u\000n\000k\000t\000i\000o\000n\000e\000n}{section.5.2}% 42
\BOOKMARK [3][-]{subsubsection.5.2.3.1}{\376\377\0005\000.\0002\000.\0003\000.\0001\000\040\000g\000e\000t\000V\000o\000l\000u\000m\000e\000\050\000\051}{subsection.5.2.3}% 43
\BOOKMARK [3][-]{subsubsection.5.2.3.2}{\376\377\0005\000.\0002\000.\0003\000.\0002\000\040\000s\000e\000t\000V\000e\000r\000k\000a\000u\000f\000p\000r\000e\000i\000s\000\050\000\051}{subsection.5.2.3}% 44
\BOOKMARK [3][-]{subsubsection.5.2.3.3}{\376\377\0005\000.\0002\000.\0003\000.\0003\000\040\000s\000e\000t\000V\000o\000l\000u\000m\000e\000\050\000\051}{subsection.5.2.3}% 45
\BOOKMARK [1][-]{section.5.3}{\376\377\0005\000.\0003\000\040\000K\000a\000s\000s\000e\000\040\000K\000l\000a\000s\000s\000e\000n\000r\000e\000f\000e\000r\000e\000n\000z}{chapter.5}% 46
\BOOKMARK [2][-]{subsection.5.3.1}{\376\377\0005\000.\0003\000.\0001\000\040\000A\000u\000s\000f\000\374\000h\000r\000l\000i\000c\000h\000e\000\040\000B\000e\000s\000c\000h\000r\000e\000i\000b\000u\000n\000g}{section.5.3}% 47
\BOOKMARK [2][-]{subsection.5.3.2}{\376\377\0005\000.\0003\000.\0002\000\040\000B\000e\000s\000c\000h\000r\000e\000i\000b\000u\000n\000g\000\040\000d\000e\000r\000\040\000K\000o\000n\000s\000t\000r\000u\000k\000t\000o\000r\000e\000n\000\040\000u\000n\000d\000\040\000D\000e\000s\000t\000r\000u\000k\000t\000o\000r\000e\000n}{section.5.3}% 48
\BOOKMARK [3][-]{subsubsection.5.3.2.1}{\376\377\0005\000.\0003\000.\0002\000.\0001\000\040\000K\000a\000s\000s\000e\000\050\000\051}{subsection.5.3.2}% 49
\BOOKMARK [2][-]{subsection.5.3.3}{\376\377\0005\000.\0003\000.\0003\000\040\000D\000o\000k\000u\000m\000e\000n\000t\000a\000t\000i\000o\000n\000\040\000d\000e\000r\000\040\000E\000l\000e\000m\000e\000n\000t\000f\000u\000n\000k\000t\000i\000o\000n\000e\000n}{section.5.3}% 50
\BOOKMARK [3][-]{subsubsection.5.3.3.1}{\376\377\0005\000.\0003\000.\0003\000.\0001\000\040\000p\000r\000i\000n\000t\000R\000e\000c\000h\000n\000u\000n\000g\000\050\000\051}{subsection.5.3.3}% 51
\BOOKMARK [3][-]{subsubsection.5.3.3.2}{\376\377\0005\000.\0003\000.\0003\000.\0002\000\040\000r\000e\000c\000h\000n\000u\000n\000g\000\050\000\051}{subsection.5.3.3}% 52
\BOOKMARK [1][-]{section.5.4}{\376\377\0005\000.\0004\000\040\000K\000u\000n\000d\000e\000\040\000K\000l\000a\000s\000s\000e\000n\000r\000e\000f\000e\000r\000e\000n\000z}{chapter.5}% 53
\BOOKMARK [2][-]{subsection.5.4.1}{\376\377\0005\000.\0004\000.\0001\000\040\000A\000u\000s\000f\000\374\000h\000r\000l\000i\000c\000h\000e\000\040\000B\000e\000s\000c\000h\000r\000e\000i\000b\000u\000n\000g}{section.5.4}% 54
\BOOKMARK [2][-]{subsection.5.4.2}{\376\377\0005\000.\0004\000.\0002\000\040\000B\000e\000s\000c\000h\000r\000e\000i\000b\000u\000n\000g\000\040\000d\000e\000r\000\040\000K\000o\000n\000s\000t\000r\000u\000k\000t\000o\000r\000e\000n\000\040\000u\000n\000d\000\040\000D\000e\000s\000t\000r\000u\000k\000t\000o\000r\000e\000n}{section.5.4}% 55
\BOOKMARK [3][-]{subsubsection.5.4.2.1}{\376\377\0005\000.\0004\000.\0002\000.\0001\000\040\000K\000u\000n\000d\000e\000\050\000\051}{subsection.5.4.2}% 56
\BOOKMARK [2][-]{subsection.5.4.3}{\376\377\0005\000.\0004\000.\0003\000\040\000D\000o\000k\000u\000m\000e\000n\000t\000a\000t\000i\000o\000n\000\040\000d\000e\000r\000\040\000E\000l\000e\000m\000e\000n\000t\000f\000u\000n\000k\000t\000i\000o\000n\000e\000n}{section.5.4}% 57
\BOOKMARK [3][-]{subsubsection.5.4.3.1}{\376\377\0005\000.\0004\000.\0003\000.\0001\000\040\000g\000e\000t\000N\000a\000m\000e\000\050\000\051}{subsection.5.4.3}% 58
\BOOKMARK [3][-]{subsubsection.5.4.3.2}{\376\377\0005\000.\0004\000.\0003\000.\0002\000\040\000g\000e\000t\000W\000a\000r\000e\000n\000k\000o\000r\000b\000\050\000\051}{subsection.5.4.3}% 59
\BOOKMARK [3][-]{subsubsection.5.4.3.3}{\376\377\0005\000.\0004\000.\0003\000.\0003\000\040\000p\000r\000i\000n\000t\000A\000r\000t\000i\000k\000e\000l\000\050\000\051}{subsection.5.4.3}% 60
\BOOKMARK [1][-]{section.5.5}{\376\377\0005\000.\0005\000\040\000L\000a\000g\000e\000r\000\040\000K\000l\000a\000s\000s\000e\000n\000r\000e\000f\000e\000r\000e\000n\000z}{chapter.5}% 61
\BOOKMARK [2][-]{subsection.5.5.1}{\376\377\0005\000.\0005\000.\0001\000\040\000A\000u\000s\000f\000\374\000h\000r\000l\000i\000c\000h\000e\000\040\000B\000e\000s\000c\000h\000r\000e\000i\000b\000u\000n\000g}{section.5.5}% 62
\BOOKMARK [2][-]{subsection.5.5.2}{\376\377\0005\000.\0005\000.\0002\000\040\000B\000e\000s\000c\000h\000r\000e\000i\000b\000u\000n\000g\000\040\000d\000e\000r\000\040\000K\000o\000n\000s\000t\000r\000u\000k\000t\000o\000r\000e\000n\000\040\000u\000n\000d\000\040\000D\000e\000s\000t\000r\000u\000k\000t\000o\000r\000e\000n}{section.5.5}% 63
\BOOKMARK [3][-]{subsubsection.5.5.2.1}{\376\377\0005\000.\0005\000.\0002\000.\0001\000\040\000~\000L\000a\000g\000e\000r\000\050\000\051}{subsection.5.5.2}% 64
\BOOKMARK [2][-]{subsection.5.5.3}{\376\377\0005\000.\0005\000.\0003\000\040\000D\000o\000k\000u\000m\000e\000n\000t\000a\000t\000i\000o\000n\000\040\000d\000e\000r\000\040\000E\000l\000e\000m\000e\000n\000t\000f\000u\000n\000k\000t\000i\000o\000n\000e\000n}{section.5.5}% 65
\BOOKMARK [3][-]{subsubsection.5.5.3.1}{\376\377\0005\000.\0005\000.\0003\000.\0001\000\040\000g\000e\000t\000A\000r\000t\000i\000k\000e\000l\000\050\000\051}{subsection.5.5.3}% 66
\BOOKMARK [3][-]{subsubsection.5.5.3.2}{\376\377\0005\000.\0005\000.\0003\000.\0002\000\040\000g\000e\000t\000M\000a\000p\000\050\000\051}{subsection.5.5.3}% 67
\BOOKMARK [3][-]{subsubsection.5.5.3.3}{\376\377\0005\000.\0005\000.\0003\000.\0003\000\040\000r\000e\000a\000d\000F\000i\000l\000e\000\050\000\051}{subsection.5.5.3}% 68
\BOOKMARK [3][-]{subsubsection.5.5.3.4}{\376\377\0005\000.\0005\000.\0003\000.\0004\000\040\000u\000p\000d\000a\000t\000e\000A\000r\000t\000i\000k\000e\000l\000\050\000\051}{subsection.5.5.3}% 69
\BOOKMARK [3][-]{subsubsection.5.5.3.5}{\376\377\0005\000.\0005\000.\0003\000.\0005\000\040\000w\000r\000i\000t\000e\000\050\000\051\000\040\000[\0001\000/\0002\000]}{subsection.5.5.3}% 70
\BOOKMARK [3][-]{subsubsection.5.5.3.6}{\376\377\0005\000.\0005\000.\0003\000.\0006\000\040\000w\000r\000i\000t\000e\000\050\000\051\000\040\000[\0002\000/\0002\000]}{subsection.5.5.3}% 71
\BOOKMARK [1][-]{section.5.6}{\376\377\0005\000.\0006\000\040\000R\000e\000g\000a\000l\000\040\000K\000l\000a\000s\000s\000e\000n\000r\000e\000f\000e\000r\000e\000n\000z}{chapter.5}% 72
\BOOKMARK [2][-]{subsection.5.6.1}{\376\377\0005\000.\0006\000.\0001\000\040\000A\000u\000s\000f\000\374\000h\000r\000l\000i\000c\000h\000e\000\040\000B\000e\000s\000c\000h\000r\000e\000i\000b\000u\000n\000g}{section.5.6}% 73
\BOOKMARK [2][-]{subsection.5.6.2}{\376\377\0005\000.\0006\000.\0002\000\040\000B\000e\000s\000c\000h\000r\000e\000i\000b\000u\000n\000g\000\040\000d\000e\000r\000\040\000K\000o\000n\000s\000t\000r\000u\000k\000t\000o\000r\000e\000n\000\040\000u\000n\000d\000\040\000D\000e\000s\000t\000r\000u\000k\000t\000o\000r\000e\000n}{section.5.6}% 74
\BOOKMARK [3][-]{subsubsection.5.6.2.1}{\376\377\0005\000.\0006\000.\0002\000.\0001\000\040\000R\000e\000g\000a\000l\000\050\000\051\000\040\000[\0001\000/\0002\000]}{subsection.5.6.2}% 75
\BOOKMARK [3][-]{subsubsection.5.6.2.2}{\376\377\0005\000.\0006\000.\0002\000.\0002\000\040\000R\000e\000g\000a\000l\000\050\000\051\000\040\000[\0002\000/\0002\000]}{subsection.5.6.2}% 76
\BOOKMARK [2][-]{subsection.5.6.3}{\376\377\0005\000.\0006\000.\0003\000\040\000D\000o\000k\000u\000m\000e\000n\000t\000a\000t\000i\000o\000n\000\040\000d\000e\000r\000\040\000E\000l\000e\000m\000e\000n\000t\000f\000u\000n\000k\000t\000i\000o\000n\000e\000n}{section.5.6}% 77
\BOOKMARK [3][-]{subsubsection.5.6.3.1}{\376\377\0005\000.\0006\000.\0003\000.\0001\000\040\000g\000e\000t\000A\000r\000t\000i\000k\000e\000l\000\050\000\051}{subsection.5.6.3}% 78
\BOOKMARK [3][-]{subsubsection.5.6.3.2}{\376\377\0005\000.\0006\000.\0003\000.\0002\000\040\000g\000e\000t\000I\000m\000R\000e\000g\000a\000l\000\050\000\051}{subsection.5.6.3}% 79
\BOOKMARK [3][-]{subsubsection.5.6.3.3}{\376\377\0005\000.\0006\000.\0003\000.\0003\000\040\000g\000e\000t\000L\000a\000g\000e\000r\000\050\000\051}{subsection.5.6.3}% 80
\BOOKMARK [3][-]{subsubsection.5.6.3.4}{\376\377\0005\000.\0006\000.\0003\000.\0004\000\040\000g\000e\000t\000N\000a\000m\000e\000\050\000\051}{subsection.5.6.3}% 81
\BOOKMARK [3][-]{subsubsection.5.6.3.5}{\376\377\0005\000.\0006\000.\0003\000.\0005\000\040\000g\000e\000t\000W\000a\000r\000e\000n\000\050\000\051}{subsection.5.6.3}% 82
\BOOKMARK [2][-]{subsection.5.6.4}{\376\377\0005\000.\0006\000.\0004\000\040\000F\000r\000e\000u\000n\000d\000b\000e\000z\000i\000e\000h\000u\000n\000g\000e\000n\000\040\000u\000n\000d\000\040\000F\000u\000n\000k\000t\000i\000o\000n\000s\000d\000o\000k\000u\000m\000e\000n\000t\000a\000t\000i\000o\000n}{section.5.6}% 83
\BOOKMARK [3][-]{subsubsection.5.6.4.1}{\376\377\0005\000.\0006\000.\0004\000.\0001\000\040\000o\000p\000e\000r\000a\000t\000o\000r\000<\000<}{subsection.5.6.4}% 84
\BOOKMARK [2][-]{subsection.5.6.5}{\376\377\0005\000.\0006\000.\0005\000\040\000D\000o\000k\000u\000m\000e\000n\000t\000a\000t\000i\000o\000n\000\040\000d\000e\000r\000\040\000D\000a\000t\000e\000n\000e\000l\000e\000m\000e\000n\000t\000e}{section.5.6}% 85
\BOOKMARK [3][-]{subsubsection.5.6.5.1}{\376\377\0005\000.\0006\000.\0005\000.\0001\000\040\000r\000e\000g\000a\000l\000n\000a\000m\000e}{subsection.5.6.5}% 86
\BOOKMARK [1][-]{section.5.7}{\376\377\0005\000.\0007\000\040\000S\000c\000h\000u\000e\000t\000t\000g\000u\000t\000\040\000K\000l\000a\000s\000s\000e\000n\000r\000e\000f\000e\000r\000e\000n\000z}{chapter.5}% 87
\BOOKMARK [2][-]{subsection.5.7.1}{\376\377\0005\000.\0007\000.\0001\000\040\000A\000u\000s\000f\000\374\000h\000r\000l\000i\000c\000h\000e\000\040\000B\000e\000s\000c\000h\000r\000e\000i\000b\000u\000n\000g}{section.5.7}% 88
\BOOKMARK [2][-]{subsection.5.7.2}{\376\377\0005\000.\0007\000.\0002\000\040\000B\000e\000s\000c\000h\000r\000e\000i\000b\000u\000n\000g\000\040\000d\000e\000r\000\040\000K\000o\000n\000s\000t\000r\000u\000k\000t\000o\000r\000e\000n\000\040\000u\000n\000d\000\040\000D\000e\000s\000t\000r\000u\000k\000t\000o\000r\000e\000n}{section.5.7}% 89
\BOOKMARK [3][-]{subsubsection.5.7.2.1}{\376\377\0005\000.\0007\000.\0002\000.\0001\000\040\000S\000c\000h\000u\000e\000t\000t\000g\000u\000t\000\050\000\051\000\040\000[\0001\000/\0002\000]}{subsection.5.7.2}% 90
\BOOKMARK [3][-]{subsubsection.5.7.2.2}{\376\377\0005\000.\0007\000.\0002\000.\0002\000\040\000S\000c\000h\000u\000e\000t\000t\000g\000u\000t\000\050\000\051\000\040\000[\0002\000/\0002\000]}{subsection.5.7.2}% 91
\BOOKMARK [2][-]{subsection.5.7.3}{\376\377\0005\000.\0007\000.\0003\000\040\000D\000o\000k\000u\000m\000e\000n\000t\000a\000t\000i\000o\000n\000\040\000d\000e\000r\000\040\000E\000l\000e\000m\000e\000n\000t\000f\000u\000n\000k\000t\000i\000o\000n\000e\000n}{section.5.7}% 92
\BOOKMARK [3][-]{subsubsection.5.7.3.1}{\376\377\0005\000.\0007\000.\0003\000.\0001\000\040\000g\000e\000t\000L\000o\000s\000g\000r\000o\000e\000s\000s\000e\000\050\000\051}{subsection.5.7.3}% 93
\BOOKMARK [3][-]{subsubsection.5.7.3.2}{\376\377\0005\000.\0007\000.\0003\000.\0002\000\040\000s\000e\000t\000L\000o\000s\000g\000r\000o\000e\000s\000s\000e\000\050\000\051}{subsection.5.7.3}% 94
\BOOKMARK [3][-]{subsubsection.5.7.3.3}{\376\377\0005\000.\0007\000.\0003\000.\0003\000\040\000s\000e\000t\000V\000e\000r\000k\000a\000u\000f\000p\000r\000e\000i\000s\000\050\000\051}{subsection.5.7.3}% 95
\BOOKMARK [1][-]{section.5.8}{\376\377\0005\000.\0008\000\040\000S\000t\000u\000e\000c\000k\000g\000u\000t\000\040\000K\000l\000a\000s\000s\000e\000n\000r\000e\000f\000e\000r\000e\000n\000z}{chapter.5}% 96
\BOOKMARK [2][-]{subsection.5.8.1}{\376\377\0005\000.\0008\000.\0001\000\040\000A\000u\000s\000f\000\374\000h\000r\000l\000i\000c\000h\000e\000\040\000B\000e\000s\000c\000h\000r\000e\000i\000b\000u\000n\000g}{section.5.8}% 97
\BOOKMARK [2][-]{subsection.5.8.2}{\376\377\0005\000.\0008\000.\0002\000\040\000B\000e\000s\000c\000h\000r\000e\000i\000b\000u\000n\000g\000\040\000d\000e\000r\000\040\000K\000o\000n\000s\000t\000r\000u\000k\000t\000o\000r\000e\000n\000\040\000u\000n\000d\000\040\000D\000e\000s\000t\000r\000u\000k\000t\000o\000r\000e\000n}{section.5.8}% 98
\BOOKMARK [3][-]{subsubsection.5.8.2.1}{\376\377\0005\000.\0008\000.\0002\000.\0001\000\040\000S\000t\000u\000e\000c\000k\000g\000u\000t\000\050\000\051}{subsection.5.8.2}% 99
\BOOKMARK [1][-]{section.5.9}{\376\377\0005\000.\0009\000\040\000K\000u\000n\000d\000e\000:\000:\000w\000a\000r\000e\000n\000\040\000S\000t\000r\000u\000k\000t\000u\000r\000r\000e\000f\000e\000r\000e\000n\000z}{chapter.5}% 100
\BOOKMARK [2][-]{subsection.5.9.1}{\376\377\0005\000.\0009\000.\0001\000\040\000A\000u\000s\000f\000\374\000h\000r\000l\000i\000c\000h\000e\000\040\000B\000e\000s\000c\000h\000r\000e\000i\000b\000u\000n\000g}{section.5.9}% 101
\BOOKMARK [0][-]{chapter.6}{\376\377\0006\000\040\000D\000a\000t\000e\000i\000-\000D\000o\000k\000u\000m\000e\000n\000t\000a\000t\000i\000o\000n}{}% 102
\BOOKMARK [1][-]{section.6.1}{\376\377\0006\000.\0001\000\040\000k\000a\000s\000s\000e\000.\000h\000h}{chapter.6}% 103
\BOOKMARK [1][-]{section.6.2}{\376\377\0006\000.\0002\000\040\000/\000h\000o\000m\000e\000/\000y\000a\000m\000a\000n\000/\000S\000t\000u\000d\000i\000u\000m\000/\0003\000.\000S\000e\000m\000s\000t\000e\000r\000/\000P\000r\000o\000g\000r\000a\000m\000m\000i\000e\000r\000e\000n\000\137\0003\000/\000A\000u\000f\000g\000a\000b\000e\000n\000/\000A\000u\000f\000g\000a\000b\000e\000\137\0003\000/\000s\000r\000c\000/\000l\000a\000d\000e\000n\000.\000h\000h\000-\000D\000a\000t\000e\000i\000r\000e\000f\000e\000r\000e\000n\000z}{chapter.6}% 104
\BOOKMARK [2][-]{subsection.6.2.1}{\376\377\0006\000.\0002\000.\0001\000\040\000A\000u\000s\000f\000\374\000h\000r\000l\000i\000c\000h\000e\000\040\000B\000e\000s\000c\000h\000r\000e\000i\000b\000u\000n\000g}{section.6.2}% 105
\BOOKMARK [1][-]{section.6.3}{\376\377\0006\000.\0003\000\040\000l\000a\000d\000e\000n\000.\000h\000h}{chapter.6}% 106
\BOOKMARK [1][-]{section.6.4}{\376\377\0006\000.\0004\000\040\000/\000h\000o\000m\000e\000/\000y\000a\000m\000a\000n\000/\000S\000t\000u\000d\000i\000u\000m\000/\0003\000.\000S\000e\000m\000s\000t\000e\000r\000/\000P\000r\000o\000g\000r\000a\000m\000m\000i\000e\000r\000e\000n\000\137\0003\000/\000A\000u\000f\000g\000a\000b\000e\000n\000/\000A\000u\000f\000g\000a\000b\000e\000\137\0003\000/\000s\000r\000c\000/\000l\000a\000g\000e\000r\000.\000c\000c\000-\000D\000a\000t\000e\000i\000r\000e\000f\000e\000r\000e\000n\000z}{chapter.6}% 107
\BOOKMARK [2][-]{subsection.6.4.1}{\376\377\0006\000.\0004\000.\0001\000\040\000A\000u\000s\000f\000\374\000h\000r\000l\000i\000c\000h\000e\000\040\000B\000e\000s\000c\000h\000r\000e\000i\000b\000u\000n\000g}{section.6.4}% 108
\BOOKMARK [2][-]{subsection.6.4.2}{\376\377\0006\000.\0004\000.\0002\000\040\000D\000o\000k\000u\000m\000e\000n\000t\000a\000t\000i\000o\000n\000\040\000d\000e\000r\000\040\000F\000u\000n\000k\000t\000i\000o\000n\000e\000n}{section.6.4}% 109
\BOOKMARK [3][-]{subsubsection.6.4.2.1}{\376\377\0006\000.\0004\000.\0002\000.\0001\000\040\000o\000p\000e\000r\000a\000t\000o\000r\000>\000>\000\050\000\051}{subsection.6.4.2}% 110
\BOOKMARK [1][-]{section.6.5}{\376\377\0006\000.\0005\000\040\000/\000h\000o\000m\000e\000/\000y\000a\000m\000a\000n\000/\000S\000t\000u\000d\000i\000u\000m\000/\0003\000.\000S\000e\000m\000s\000t\000e\000r\000/\000P\000r\000o\000g\000r\000a\000m\000m\000i\000e\000r\000e\000n\000\137\0003\000/\000A\000u\000f\000g\000a\000b\000e\000n\000/\000A\000u\000f\000g\000a\000b\000e\000\137\0003\000/\000s\000r\000c\000/\000l\000a\000g\000e\000r\000.\000h\000h\000-\000D\000a\000t\000e\000i\000r\000e\000f\000e\000r\000e\000n\000z}{chapter.6}% 111
\BOOKMARK [2][-]{subsection.6.5.1}{\376\377\0006\000.\0005\000.\0001\000\040\000A\000u\000s\000f\000\374\000h\000r\000l\000i\000c\000h\000e\000\040\000B\000e\000s\000c\000h\000r\000e\000i\000b\000u\000n\000g}{section.6.5}% 112
\BOOKMARK [2][-]{subsection.6.5.2}{\376\377\0006\000.\0005\000.\0002\000\040\000D\000o\000k\000u\000m\000e\000n\000t\000a\000t\000i\000o\000n\000\040\000d\000e\000r\000\040\000F\000u\000n\000k\000t\000i\000o\000n\000e\000n}{section.6.5}% 113
\BOOKMARK [3][-]{subsubsection.6.5.2.1}{\376\377\0006\000.\0005\000.\0002\000.\0001\000\040\000o\000p\000e\000r\000a\000t\000o\000r\000<\000<\000\050\000\051}{subsection.6.5.2}% 114
\BOOKMARK [3][-]{subsubsection.6.5.2.2}{\376\377\0006\000.\0005\000.\0002\000.\0002\000\040\000o\000p\000e\000r\000a\000t\000o\000r\000>\000>\000\050\000\051}{subsection.6.5.2}% 115
\BOOKMARK [1][-]{section.6.6}{\376\377\0006\000.\0006\000\040\000l\000a\000g\000e\000r\000.\000h\000h}{chapter.6}% 116
\BOOKMARK [1][-]{section.6.7}{\376\377\0006\000.\0007\000\040\000/\000h\000o\000m\000e\000/\000y\000a\000m\000a\000n\000/\000S\000t\000u\000d\000i\000u\000m\000/\0003\000.\000S\000e\000m\000s\000t\000e\000r\000/\000P\000r\000o\000g\000r\000a\000m\000m\000i\000e\000r\000e\000n\000\137\0003\000/\000A\000u\000f\000g\000a\000b\000e\000n\000/\000A\000u\000f\000g\000a\000b\000e\000\137\0003\000/\000s\000r\000c\000/\000m\000a\000i\000n\000.\000c\000c\000-\000D\000a\000t\000e\000i\000r\000e\000f\000e\000r\000e\000n\000z}{chapter.6}% 117
\BOOKMARK [2][-]{subsection.6.7.1}{\376\377\0006\000.\0007\000.\0001\000\040\000A\000u\000s\000f\000\374\000h\000r\000l\000i\000c\000h\000e\000\040\000B\000e\000s\000c\000h\000r\000e\000i\000b\000u\000n\000g}{section.6.7}% 118
\BOOKMARK [2][-]{subsection.6.7.2}{\376\377\0006\000.\0007\000.\0002\000\040\000D\000o\000k\000u\000m\000e\000n\000t\000a\000t\000i\000o\000n\000\040\000d\000e\000r\000\040\000F\000u\000n\000k\000t\000i\000o\000n\000e\000n}{section.6.7}% 119
\BOOKMARK [3][-]{subsubsection.6.7.2.1}{\376\377\0006\000.\0007\000.\0002\000.\0001\000\040\000m\000a\000i\000n\000\050\000\051}{subsection.6.7.2}% 120
\BOOKMARK [0][-]{section*.84}{\376\377\000I\000n\000d\000e\000x}{}% 121
