\BOOKMARK [0][-]{chapter.1}{\376\377\0001\000\040\000Q\000u\000e\000l\000l\000e\000n\000c\000o\000d\000e}{}% 1
\BOOKMARK [1][-]{section.1.1}{\376\377\0001\000.\0001\000\040\000D\000a\000t\000e\000i\000\040\000'\000L\000a\000g\000e\000r\000.\000h\000h\000'}{chapter.1}% 2
\BOOKMARK [1][-]{section.1.2}{\376\377\0001\000.\0002\000\040\000D\000a\000t\000e\000i\000\040\000'\000L\000a\000g\000e\000r\000.\000c\000c\000'}{chapter.1}% 3
\BOOKMARK [1][-]{section.1.3}{\376\377\0001\000.\0003\000\040\000D\000a\000t\000e\000i\000\040\000'\000m\000a\000i\000n\000.\000c\000c\000'}{chapter.1}% 4
\BOOKMARK [0][-]{chapter.2}{\376\377\0002\000\040\000K\000l\000a\000s\000s\000e\000n\000-\000D\000o\000k\000u\000m\000e\000n\000t\000a\000t\000i\000o\000n}{}% 5
\BOOKMARK [1][-]{section.2.1}{\376\377\0002\000.\0001\000\040\000A\000r\000t\000i\000k\000e\000l\000\040\000K\000l\000a\000s\000s\000e\000n\000r\000e\000f\000e\000r\000e\000n\000z}{chapter.2}% 6
\BOOKMARK [2][-]{subsection.2.1.1}{\376\377\0002\000.\0001\000.\0001\000\040\000A\000u\000s\000f\000\374\000h\000r\000l\000i\000c\000h\000e\000\040\000B\000e\000s\000c\000h\000r\000e\000i\000b\000u\000n\000g}{section.2.1}% 7
\BOOKMARK [2][-]{subsection.2.1.2}{\376\377\0002\000.\0001\000.\0002\000\040\000B\000e\000s\000c\000h\000r\000e\000i\000b\000u\000n\000g\000\040\000d\000e\000r\000\040\000K\000o\000n\000s\000t\000r\000u\000k\000t\000o\000r\000e\000n\000\040\000u\000n\000d\000\040\000D\000e\000s\000t\000r\000u\000k\000t\000o\000r\000e\000n}{section.2.1}% 8
\BOOKMARK [3][-]{subsubsection.2.1.2.1}{\376\377\0002\000.\0001\000.\0002\000.\0001\000\040\000A\000r\000t\000i\000k\000e\000l\000\050\000\051}{subsection.2.1.2}% 9
\BOOKMARK [2][-]{subsection.2.1.3}{\376\377\0002\000.\0001\000.\0003\000\040\000D\000o\000k\000u\000m\000e\000n\000t\000a\000t\000i\000o\000n\000\040\000d\000e\000r\000\040\000E\000l\000e\000m\000e\000n\000t\000f\000u\000n\000k\000t\000i\000o\000n\000e\000n}{section.2.1}% 10
\BOOKMARK [3][-]{subsubsection.2.1.3.1}{\376\377\0002\000.\0001\000.\0003\000.\0001\000\040\000g\000e\000t\000A\000r\000t\000i\000k\000e\000l\000n\000u\000m\000m\000e\000r\000\050\000\051}{subsection.2.1.3}% 11
\BOOKMARK [3][-]{subsubsection.2.1.3.2}{\376\377\0002\000.\0001\000.\0003\000.\0002\000\040\000g\000e\000t\000G\000r\000u\000p\000p\000e\000\050\000\051}{subsection.2.1.3}% 12
\BOOKMARK [3][-]{subsubsection.2.1.3.3}{\376\377\0002\000.\0001\000.\0003\000.\0003\000\040\000g\000e\000t\000L\000a\000g\000e\000r\000a\000b\000s\000t\000a\000n\000d\000\050\000\051}{subsection.2.1.3}% 13
\BOOKMARK [3][-]{subsubsection.2.1.3.4}{\376\377\0002\000.\0001\000.\0003\000.\0004\000\040\000g\000e\000t\000M\000a\000s\000s\000e\000i\000n\000h\000e\000i\000t\000\050\000\051}{subsection.2.1.3}% 14
\BOOKMARK [3][-]{subsubsection.2.1.3.5}{\376\377\0002\000.\0001\000.\0003\000.\0005\000\040\000g\000e\000t\000N\000a\000m\000e\000\050\000\051}{subsection.2.1.3}% 15
\BOOKMARK [3][-]{subsubsection.2.1.3.6}{\376\377\0002\000.\0001\000.\0003\000.\0006\000\040\000g\000e\000t\000N\000o\000r\000m\000p\000r\000e\000i\000s\000\050\000\051}{subsection.2.1.3}% 16
\BOOKMARK [3][-]{subsubsection.2.1.3.7}{\376\377\0002\000.\0001\000.\0003\000.\0007\000\040\000g\000e\000t\000S\000t\000r\000M\000a\000s\000s\000e\000i\000n\000h\000e\000i\000t\000\050\000\051}{subsection.2.1.3}% 17
\BOOKMARK [3][-]{subsubsection.2.1.3.8}{\376\377\0002\000.\0001\000.\0003\000.\0008\000\040\000g\000e\000t\000V\000e\000r\000k\000a\000u\000f\000p\000r\000e\000i\000s\000\050\000\051}{subsection.2.1.3}% 18
\BOOKMARK [3][-]{subsubsection.2.1.3.9}{\376\377\0002\000.\0001\000.\0003\000.\0009\000\040\000p\000r\000i\000n\000t\000\050\000\051}{subsection.2.1.3}% 19
\BOOKMARK [3][-]{subsubsection.2.1.3.10}{\376\377\0002\000.\0001\000.\0003\000.\0001\0000\000\040\000s\000e\000t\000A\000r\000t\000i\000k\000e\000l\000n\000u\000m\000m\000e\000r\000\050\000\051}{subsection.2.1.3}% 20
\BOOKMARK [3][-]{subsubsection.2.1.3.11}{\376\377\0002\000.\0001\000.\0003\000.\0001\0001\000\040\000s\000e\000t\000G\000r\000u\000p\000p\000e\000\050\000\051}{subsection.2.1.3}% 21
\BOOKMARK [3][-]{subsubsection.2.1.3.12}{\376\377\0002\000.\0001\000.\0003\000.\0001\0002\000\040\000s\000e\000t\000L\000a\000g\000e\000r\000b\000e\000s\000t\000a\000n\000d\000\050\000\051}{subsection.2.1.3}% 22
\BOOKMARK [3][-]{subsubsection.2.1.3.13}{\376\377\0002\000.\0001\000.\0003\000.\0001\0003\000\040\000s\000e\000t\000M\000a\000s\000s\000e\000i\000n\000h\000e\000i\000t\000\050\000\051}{subsection.2.1.3}% 23
\BOOKMARK [3][-]{subsubsection.2.1.3.14}{\376\377\0002\000.\0001\000.\0003\000.\0001\0004\000\040\000s\000e\000t\000N\000a\000m\000e\000\050\000\051}{subsection.2.1.3}% 24
\BOOKMARK [3][-]{subsubsection.2.1.3.15}{\376\377\0002\000.\0001\000.\0003\000.\0001\0005\000\040\000s\000e\000t\000N\000o\000r\000m\000p\000r\000e\000i\000s\000\050\000\051}{subsection.2.1.3}% 25
\BOOKMARK [3][-]{subsubsection.2.1.3.16}{\376\377\0002\000.\0001\000.\0003\000.\0001\0006\000\040\000s\000e\000t\000V\000e\000r\000k\000a\000u\000f\000p\000r\000e\000i\000s\000\050\000\051}{subsection.2.1.3}% 26
\BOOKMARK [1][-]{section.2.2}{\376\377\0002\000.\0002\000\040\000F\000l\000u\000e\000s\000s\000i\000g\000k\000e\000i\000t\000\040\000K\000l\000a\000s\000s\000e\000n\000r\000e\000f\000e\000r\000e\000n\000z}{chapter.2}% 27
\BOOKMARK [2][-]{subsection.2.2.1}{\376\377\0002\000.\0002\000.\0001\000\040\000A\000u\000s\000f\000\374\000h\000r\000l\000i\000c\000h\000e\000\040\000B\000e\000s\000c\000h\000r\000e\000i\000b\000u\000n\000g}{section.2.2}% 28
\BOOKMARK [2][-]{subsection.2.2.2}{\376\377\0002\000.\0002\000.\0002\000\040\000B\000e\000s\000c\000h\000r\000e\000i\000b\000u\000n\000g\000\040\000d\000e\000r\000\040\000K\000o\000n\000s\000t\000r\000u\000k\000t\000o\000r\000e\000n\000\040\000u\000n\000d\000\040\000D\000e\000s\000t\000r\000u\000k\000t\000o\000r\000e\000n}{section.2.2}% 29
\BOOKMARK [3][-]{subsubsection.2.2.2.1}{\376\377\0002\000.\0002\000.\0002\000.\0001\000\040\000F\000l\000u\000e\000s\000s\000i\000g\000k\000e\000i\000t\000\050\000\051\000\040\000[\0001\000/\0002\000]}{subsection.2.2.2}% 30
\BOOKMARK [3][-]{subsubsection.2.2.2.2}{\376\377\0002\000.\0002\000.\0002\000.\0002\000\040\000F\000l\000u\000e\000s\000s\000i\000g\000k\000e\000i\000t\000\050\000\051\000\040\000[\0002\000/\0002\000]}{subsection.2.2.2}% 31
\BOOKMARK [2][-]{subsection.2.2.3}{\376\377\0002\000.\0002\000.\0003\000\040\000D\000o\000k\000u\000m\000e\000n\000t\000a\000t\000i\000o\000n\000\040\000d\000e\000r\000\040\000E\000l\000e\000m\000e\000n\000t\000f\000u\000n\000k\000t\000i\000o\000n\000e\000n}{section.2.2}% 32
\BOOKMARK [3][-]{subsubsection.2.2.3.1}{\376\377\0002\000.\0002\000.\0003\000.\0001\000\040\000g\000e\000t\000V\000o\000l\000u\000m\000e\000\050\000\051}{subsection.2.2.3}% 33
\BOOKMARK [3][-]{subsubsection.2.2.3.2}{\376\377\0002\000.\0002\000.\0003\000.\0002\000\040\000s\000e\000t\000V\000e\000r\000k\000a\000u\000f\000p\000r\000e\000i\000s\000\050\000\051}{subsection.2.2.3}% 34
\BOOKMARK [3][-]{subsubsection.2.2.3.3}{\376\377\0002\000.\0002\000.\0003\000.\0003\000\040\000s\000e\000t\000V\000o\000l\000u\000m\000e\000\050\000\051}{subsection.2.2.3}% 35
\BOOKMARK [1][-]{section.2.3}{\376\377\0002\000.\0003\000\040\000S\000c\000h\000u\000e\000t\000t\000g\000u\000t\000\040\000K\000l\000a\000s\000s\000e\000n\000r\000e\000f\000e\000r\000e\000n\000z}{chapter.2}% 36
\BOOKMARK [2][-]{subsection.2.3.1}{\376\377\0002\000.\0003\000.\0001\000\040\000A\000u\000s\000f\000\374\000h\000r\000l\000i\000c\000h\000e\000\040\000B\000e\000s\000c\000h\000r\000e\000i\000b\000u\000n\000g}{section.2.3}% 37
\BOOKMARK [2][-]{subsection.2.3.2}{\376\377\0002\000.\0003\000.\0002\000\040\000B\000e\000s\000c\000h\000r\000e\000i\000b\000u\000n\000g\000\040\000d\000e\000r\000\040\000K\000o\000n\000s\000t\000r\000u\000k\000t\000o\000r\000e\000n\000\040\000u\000n\000d\000\040\000D\000e\000s\000t\000r\000u\000k\000t\000o\000r\000e\000n}{section.2.3}% 38
\BOOKMARK [3][-]{subsubsection.2.3.2.1}{\376\377\0002\000.\0003\000.\0002\000.\0001\000\040\000S\000c\000h\000u\000e\000t\000t\000g\000u\000t\000\050\000\051\000\040\000[\0001\000/\0002\000]}{subsection.2.3.2}% 39
\BOOKMARK [3][-]{subsubsection.2.3.2.2}{\376\377\0002\000.\0003\000.\0002\000.\0002\000\040\000S\000c\000h\000u\000e\000t\000t\000g\000u\000t\000\050\000\051\000\040\000[\0002\000/\0002\000]}{subsection.2.3.2}% 40
\BOOKMARK [2][-]{subsection.2.3.3}{\376\377\0002\000.\0003\000.\0003\000\040\000D\000o\000k\000u\000m\000e\000n\000t\000a\000t\000i\000o\000n\000\040\000d\000e\000r\000\040\000E\000l\000e\000m\000e\000n\000t\000f\000u\000n\000k\000t\000i\000o\000n\000e\000n}{section.2.3}% 41
\BOOKMARK [3][-]{subsubsection.2.3.3.1}{\376\377\0002\000.\0003\000.\0003\000.\0001\000\040\000g\000e\000t\000L\000o\000s\000g\000r\000o\000e\000s\000s\000e\000\050\000\051}{subsection.2.3.3}% 42
\BOOKMARK [3][-]{subsubsection.2.3.3.2}{\376\377\0002\000.\0003\000.\0003\000.\0002\000\040\000s\000e\000t\000L\000o\000s\000g\000r\000o\000e\000s\000s\000e\000\050\000\051}{subsection.2.3.3}% 43
\BOOKMARK [3][-]{subsubsection.2.3.3.3}{\376\377\0002\000.\0003\000.\0003\000.\0003\000\040\000s\000e\000t\000V\000e\000r\000k\000a\000u\000f\000p\000r\000e\000i\000s\000\050\000\051}{subsection.2.3.3}% 44
\BOOKMARK [1][-]{section.2.4}{\376\377\0002\000.\0004\000\040\000S\000t\000u\000e\000c\000k\000g\000u\000t\000\040\000K\000l\000a\000s\000s\000e\000n\000r\000e\000f\000e\000r\000e\000n\000z}{chapter.2}% 45
\BOOKMARK [2][-]{subsection.2.4.1}{\376\377\0002\000.\0004\000.\0001\000\040\000A\000u\000s\000f\000\374\000h\000r\000l\000i\000c\000h\000e\000\040\000B\000e\000s\000c\000h\000r\000e\000i\000b\000u\000n\000g}{section.2.4}% 46
\BOOKMARK [2][-]{subsection.2.4.2}{\376\377\0002\000.\0004\000.\0002\000\040\000B\000e\000s\000c\000h\000r\000e\000i\000b\000u\000n\000g\000\040\000d\000e\000r\000\040\000K\000o\000n\000s\000t\000r\000u\000k\000t\000o\000r\000e\000n\000\040\000u\000n\000d\000\040\000D\000e\000s\000t\000r\000u\000k\000t\000o\000r\000e\000n}{section.2.4}% 47
\BOOKMARK [3][-]{subsubsection.2.4.2.1}{\376\377\0002\000.\0004\000.\0002\000.\0001\000\040\000S\000t\000u\000e\000c\000k\000g\000u\000t\000\050\000\051}{subsection.2.4.2}% 48
\BOOKMARK [1][-]{section.2.5}{\376\377\0002\000.\0005\000\040\000W\000a\000r\000e\000n\000g\000r\000u\000p\000p\000e\000n\000\040\000K\000l\000a\000s\000s\000e\000n\000r\000e\000f\000e\000r\000e\000n\000z}{chapter.2}% 49
\BOOKMARK [2][-]{subsection.2.5.1}{\376\377\0002\000.\0005\000.\0001\000\040\000B\000e\000s\000c\000h\000r\000e\000i\000b\000u\000n\000g\000\040\000d\000e\000r\000\040\000K\000o\000n\000s\000t\000r\000u\000k\000t\000o\000r\000e\000n\000\040\000u\000n\000d\000\040\000D\000e\000s\000t\000r\000u\000k\000t\000o\000r\000e\000n}{section.2.5}% 50
\BOOKMARK [3][-]{subsubsection.2.5.1.1}{\376\377\0002\000.\0005\000.\0001\000.\0001\000\040\000W\000a\000r\000e\000n\000g\000r\000u\000p\000p\000e\000n\000\050\000\051}{subsection.2.5.1}% 51
\BOOKMARK [2][-]{subsection.2.5.2}{\376\377\0002\000.\0005\000.\0002\000\040\000D\000o\000k\000u\000m\000e\000n\000t\000a\000t\000i\000o\000n\000\040\000d\000e\000r\000\040\000E\000l\000e\000m\000e\000n\000t\000f\000u\000n\000k\000t\000i\000o\000n\000e\000n}{section.2.5}% 52
\BOOKMARK [3][-]{subsubsection.2.5.2.1}{\376\377\0002\000.\0005\000.\0002\000.\0001\000\040\000a\000d\000d\000G\000r\000u\000p\000p\000e\000\050\000\051}{subsection.2.5.2}% 53
\BOOKMARK [3][-]{subsubsection.2.5.2.2}{\376\377\0002\000.\0005\000.\0002\000.\0002\000\040\000c\000h\000a\000n\000g\000e\000G\000r\000u\000p\000p\000e\000\050\000\051}{subsection.2.5.2}% 54
\BOOKMARK [3][-]{subsubsection.2.5.2.3}{\376\377\0002\000.\0005\000.\0002\000.\0003\000\040\000d\000e\000l\000G\000r\000u\000p\000p\000e\000\050\000\051}{subsection.2.5.2}% 55
\BOOKMARK [3][-]{subsubsection.2.5.2.4}{\376\377\0002\000.\0005\000.\0002\000.\0004\000\040\000g\000e\000t\000G\000r\000u\000p\000p\000e\000\050\000\051}{subsection.2.5.2}% 56
\BOOKMARK [0][-]{chapter.3}{\376\377\0003\000\040\000D\000a\000t\000e\000i\000-\000D\000o\000k\000u\000m\000e\000n\000t\000a\000t\000i\000o\000n}{}% 57
\BOOKMARK [1][-]{section.3.1}{\376\377\0003\000.\0001\000\040\000l\000a\000g\000e\000r\000.\000c\000c\000-\000D\000a\000t\000e\000i\000r\000e\000f\000e\000r\000e\000n\000z}{chapter.3}% 58
\BOOKMARK [2][-]{subsection.3.1.1}{\376\377\0003\000.\0001\000.\0001\000\040\000A\000u\000s\000f\000\374\000h\000r\000l\000i\000c\000h\000e\000\040\000B\000e\000s\000c\000h\000r\000e\000i\000b\000u\000n\000g}{section.3.1}% 59
\BOOKMARK [2][-]{subsection.3.1.2}{\376\377\0003\000.\0001\000.\0002\000\040\000D\000o\000k\000u\000m\000e\000n\000t\000a\000t\000i\000o\000n\000\040\000d\000e\000r\000\040\000F\000u\000n\000k\000t\000i\000o\000n\000e\000n}{section.3.1}% 60
\BOOKMARK [3][-]{subsubsection.3.1.2.1}{\376\377\0003\000.\0001\000.\0002\000.\0001\000\040\000o\000p\000e\000r\000a\000t\000o\000r\000>\000>\000\050\000\051}{subsection.3.1.2}% 61
\BOOKMARK [1][-]{section.3.2}{\376\377\0003\000.\0002\000\040\000l\000a\000g\000e\000r\000.\000h\000h\000-\000D\000a\000t\000e\000i\000r\000e\000f\000e\000r\000e\000n\000z}{chapter.3}% 62
\BOOKMARK [2][-]{subsection.3.2.1}{\376\377\0003\000.\0002\000.\0001\000\040\000A\000u\000s\000f\000\374\000h\000r\000l\000i\000c\000h\000e\000\040\000B\000e\000s\000c\000h\000r\000e\000i\000b\000u\000n\000g}{section.3.2}% 63
\BOOKMARK [2][-]{subsection.3.2.2}{\376\377\0003\000.\0002\000.\0002\000\040\000D\000o\000k\000u\000m\000e\000n\000t\000a\000t\000i\000o\000n\000\040\000d\000e\000r\000\040\000F\000u\000n\000k\000t\000i\000o\000n\000e\000n}{section.3.2}% 64
\BOOKMARK [3][-]{subsubsection.3.2.2.1}{\376\377\0003\000.\0002\000.\0002\000.\0001\000\040\000o\000p\000e\000r\000a\000t\000o\000r\000<\000<\000\050\000\051}{subsection.3.2.2}% 65
\BOOKMARK [3][-]{subsubsection.3.2.2.2}{\376\377\0003\000.\0002\000.\0002\000.\0002\000\040\000o\000p\000e\000r\000a\000t\000o\000r\000>\000>\000\050\000\051}{subsection.3.2.2}% 66
\BOOKMARK [1][-]{section.3.3}{\376\377\0003\000.\0003\000\040\000l\000a\000g\000e\000r\000.\000h\000h}{chapter.3}% 67
\BOOKMARK [1][-]{section.3.4}{\376\377\0003\000.\0004\000\040\000m\000a\000i\000n\000.\000c\000c\000-\000D\000a\000t\000e\000i\000r\000e\000f\000e\000r\000e\000n\000z}{chapter.3}% 68
\BOOKMARK [2][-]{subsection.3.4.1}{\376\377\0003\000.\0004\000.\0001\000\040\000A\000u\000s\000f\000\374\000h\000r\000l\000i\000c\000h\000e\000\040\000B\000e\000s\000c\000h\000r\000e\000i\000b\000u\000n\000g}{section.3.4}% 69
\BOOKMARK [2][-]{subsection.3.4.2}{\376\377\0003\000.\0004\000.\0002\000\040\000D\000o\000k\000u\000m\000e\000n\000t\000a\000t\000i\000o\000n\000\040\000d\000e\000r\000\040\000F\000u\000n\000k\000t\000i\000o\000n\000e\000n}{section.3.4}% 70
\BOOKMARK [3][-]{subsubsection.3.4.2.1}{\376\377\0003\000.\0004\000.\0002\000.\0001\000\040\000m\000a\000i\000n\000\050\000\051}{subsection.3.4.2}% 71
\BOOKMARK [3][-]{subsubsection.3.4.2.2}{\376\377\0003\000.\0004\000.\0002\000.\0002\000\040\000r\000e\000a\000d\000\050\000\051}{subsection.3.4.2}% 72
\BOOKMARK [3][-]{subsubsection.3.4.2.3}{\376\377\0003\000.\0004\000.\0002\000.\0003\000\040\000r\000e\000a\000d\000W\000r\000i\000t\000e\000\050\000\051}{subsection.3.4.2}% 73
\BOOKMARK [0][-]{section*.61}{\376\377\000I\000n\000d\000e\000x}{}% 74
